<?xml version="1.0" encoding="UTF-8"?>
<!-- Generated by org.testng.reporters.JUnitReportReporter -->
<testsuite hostname="LAPTOP-925SBFL1" failures="0" tests="2" name="DDT.Script7" time="13.069" errors="0" timestamp="2024-07-04T12:00:59 IST" skipped="0">
  <testcase classname="DDT.Script7" name="login" time="6.427"/>
  <testcase classname="DDT.Script7" name="login" time="6.642"/>
</testsuite> <!-- DDT.Script7 -->
