<?xml version="1.0" encoding="UTF-8"?>
<!-- Generated by org.testng.reporters.JUnitReportReporter -->
<testsuite hostname="LAPTOP-925SBFL1" failures="0" tests="1" name="DDT.Script999" time="12.500" errors="0" timestamp="2024-07-09T16:05:55 IST" skipped="0">
  <testcase classname="DDT.Script999" name="Script999" time="12.500"/>
  <system-out/>
</testsuite> <!-- DDT.Script999 -->
