<?xml version="1.0" encoding="UTF-8"?>
<!-- Generated by org.testng.reporters.JUnitReportReporter -->
<testsuite hostname="LAPTOP-925SBFL1" failures="0" tests="1" name="DDT.Script10" time="12.238" errors="0" timestamp="2024-07-07T20:08:39 IST" skipped="0">
  <testcase classname="DDT.Script10" name="Script" time="12.238"/>
  <system-out/>
</testsuite> <!-- DDT.Script10 -->
